[    0.000000] Linux version 4.15.0-122-generic (buildd@lgw01-amd64-036) (gcc version 7.5.0 (Ubuntu 7.5.0-3ubuntu1~18.04)) #124-Ubuntu SMP Thu Oct 15 13:03:05 UTC 2020 (Ubuntu 4.15.0-122.124-generic 4.15.18)
[    0.000000] Command line: BOOT_IMAGE=/boot/vmlinuz-4.15.0-122-generic root=UUID=db21665c-c1d2-4ef5-a8ae-7b42011149d9 ro console=tty1 console=ttyS0
[    0.000000] KERNEL supported cpus:
[    0.000000]   Intel GenuineIntel
[    0.000000]   AMD AuthenticAMD
[    0.000000]   Centaur CentaurHauls
[    0.000000] x86/fpu: Supporting XSAVE feature 0x001: 'x87 floating point registers'
[    0.000000] x86/fpu: Supporting XSAVE feature 0x002: 'SSE registers'
[    0.000000] x86/fpu: Supporting XSAVE feature 0x004: 'AVX registers'
[    0.000000] x86/fpu: xstate_offset[2]:  576, xstate_sizes[2]:  256
[    0.000000] x86/fpu: Enabled xstate features 0x7, context size is 832 bytes, using 'standard' format.
[    0.000000] e820: BIOS-provided physical RAM map:
[    0.000000] BIOS-e820: [mem 0x0000000000000000-0x000000000009fbff] usable
[    0.000000] BIOS-e820: [mem 0x000000000009fc00-0x000000000009ffff] reserved
[    0.000000] BIOS-e820: [mem 0x00000000000f0000-0x00000000000fffff] reserved
[    0.000000] BIOS-e820: [mem 0x0000000000100000-0x000000007ffeffff] usable
[    0.000000] BIOS-e820: [mem 0x000000007fff0000-0x000000007fffffff] ACPI data
[    0.000000] BIOS-e820: [mem 0x00000000fec00000-0x00000000fec00fff] reserved
[    0.000000] BIOS-e820: [mem 0x00000000fee00000-0x00000000fee00fff] reserved
[    0.000000] BIOS-e820: [mem 0x00000000fffc0000-0x00000000ffffffff] reserved
[    0.000000] NX (Execute Disable) protection: active
[    0.000000] SMBIOS 2.5 present.
[    0.000000] DMI: innotek GmbH VirtualBox/VirtualBox, BIOS VirtualBox 12/01/2006
[    0.000000] Hypervisor detected: KVM
[    0.000000] e820: last_pfn = 0x7fff0 max_arch_pfn = 0x400000000
[    0.000000] MTRR: Disabled
[    0.000000] x86/PAT: MTRRs disabled, skipping PAT initialization too.
[    0.000000] CPU MTRRs all blank - virtualized system.
[    0.000000] x86/PAT: Configuration [0-7]: WB  WT  UC- UC  WB  WT  UC- UC  
[    0.000000] found SMP MP-table at [mem 0x0009fff0-0x0009ffff]
[    0.000000] Scanning 1 areas for low memory corruption
[    0.000000] RAMDISK: [mem 0x35961000-0x36ca7fff]
[    0.000000] ACPI: Early table checksum verification disabled
[    0.000000] ACPI: RSDP 0x00000000000E0000 000024 (v02 VBOX  )
[    0.000000] ACPI: XSDT 0x000000007FFF0030 00003C (v01 VBOX   VBOXXSDT 00000001 ASL  00000061)
[    0.000000] ACPI: FACP 0x000000007FFF00F0 0000F4 (v04 VBOX   VBOXFACP 00000001 ASL  00000061)
[    0.000000] ACPI: DSDT 0x000000007FFF0470 002325 (v02 VBOX   VBOXBIOS 00000002 INTL 20100528)
[    0.000000] ACPI: FACS 0x000000007FFF0200 000040
[    0.000000] ACPI: FACS 0x000000007FFF0200 000040
[    0.000000] ACPI: APIC 0x000000007FFF0240 00005C (v02 VBOX   VBOXAPIC 00000001 ASL  00000061)
[    0.000000] ACPI: SSDT 0x000000007FFF02A0 0001CC (v01 VBOX   VBOXCPUT 00000002 INTL 20100528)
[    0.000000] No NUMA configuration found
[    0.000000] Faking a node at [mem 0x0000000000000000-0x000000007ffeffff]
[    0.000000] NODE_DATA(0) allocated [mem 0x7ffc5000-0x7ffeffff]
[    0.000000] kvm-clock: cpu 0, msr 0:7ff44001, primary cpu clock
[    0.000000] kvm-clock: Using msrs 4b564d01 and 4b564d00
[    0.000000] kvm-clock: using sched offset of 4014709700 cycles
[    0.000000] clocksource: kvm-clock: mask: 0xffffffffffffffff max_cycles: 0x1cd42e4dffb, max_idle_ns: 881590591483 ns
[    0.000000] Zone ranges:
[    0.000000]   DMA      [mem 0x0000000000001000-0x0000000000ffffff]
[    0.000000]   DMA32    [mem 0x0000000001000000-0x000000007ffeffff]
[    0.000000]   Normal   empty
[    0.000000]   Device   empty
[    0.000000] Movable zone start for each node
[    0.000000] Early memory node ranges
[    0.000000]   node   0: [mem 0x0000000000001000-0x000000000009efff]
[    0.000000]   node   0: [mem 0x0000000000100000-0x000000007ffeffff]
[    0.000000] Reserved but unavailable: 98 pages
[    0.000000] Initmem setup node 0 [mem 0x0000000000001000-0x000000007ffeffff]
[    0.000000] ACPI: PM-Timer IO Port: 0x4008
[    0.000000] IOAPIC[0]: apic_id 2, version 32, address 0xfec00000, GSI 0-23
[    0.000000] ACPI: INT_SRC_OVR (bus 0 bus_irq 0 global_irq 2 dfl dfl)
[    0.000000] ACPI: INT_SRC_OVR (bus 0 bus_irq 9 global_irq 9 low level)
[    0.000000] Using ACPI (MADT) for SMP configuration information
[    0.000000] smpboot: Allowing 2 CPUs, 0 hotplug CPUs
[    0.000000] PM: Registered nosave memory: [mem 0x00000000-0x00000fff]
[    0.000000] PM: Registered nosave memory: [mem 0x0009f000-0x0009ffff]
[    0.000000] PM: Registered nosave memory: [mem 0x000a0000-0x000effff]
[    0.000000] PM: Registered nosave memory: [mem 0x000f0000-0x000fffff]
[    0.000000] e820: [mem 0x80000000-0xfebfffff] available for PCI devices
[    0.000000] Booting paravirtualized kernel on KVM
[    0.000000] clocksource: refined-jiffies: mask: 0xffffffff max_cycles: 0xffffffff, max_idle_ns: 7645519600211568 ns
[    0.000000] random: get_random_bytes called from start_kernel+0x99/0x500 with crng_init=0
[    0.000000] setup_percpu: NR_CPUS:8192 nr_cpumask_bits:2 nr_cpu_ids:2 nr_node_ids:1
[    0.000000] percpu: Embedded 45 pages/cpu s147456 r8192 d28672 u1048576
[    0.000000] PV qspinlock hash table entries: 256 (order: 0, 4096 bytes)
[    0.000000] Built 1 zonelists, mobility grouping on.  Total pages: 515961
[    0.000000] Policy zone: DMA32
[    0.000000] Kernel command line: BOOT_IMAGE=/boot/vmlinuz-4.15.0-122-generic root=UUID=db21665c-c1d2-4ef5-a8ae-7b42011149d9 ro console=tty1 console=ttyS0
[    0.000000] Memory: 2014700K/2096696K available (12300K kernel code, 2482K rwdata, 4272K rodata, 2436K init, 2724K bss, 81996K reserved, 0K cma-reserved)
[    0.000000] SLUB: HWalign=64, Order=0-3, MinObjects=0, CPUs=2, Nodes=1
[    0.000000] Kernel/User page tables isolation: enabled
[    0.000000] ftrace: allocating 39402 entries in 154 pages
[    0.004000] Hierarchical RCU implementation.
[    0.004000] 	RCU restricting CPUs from NR_CPUS=8192 to nr_cpu_ids=2.
[    0.004000] 	Tasks RCU enabled.
[    0.004000] RCU: Adjusting geometry for rcu_fanout_leaf=16, nr_cpu_ids=2
[    0.004000] NR_IRQS: 524544, nr_irqs: 440, preallocated irqs: 16
[    0.004000] Console: colour VGA+ 80x25
[    0.004000] console [tty1] enabled
[    0.004000] console [ttyS0] enabled
[    0.004000] ACPI: Core revision 20170831
[    0.004000] ACPI: 2 ACPI AML tables successfully acquired and loaded
[    0.004000] APIC: Switch to symmetric I/O mode setup
[    0.004000] x2apic enabled
[    0.004000] Switched APIC routing to physical x2apic.
[    0.004000] ..TIMER: vector=0x30 apic1=0 pin1=2 apic2=-1 pin2=-1
[    0.004003] tsc: Detected 2592.000 MHz processor
[    0.004731] Calibrating delay loop (skipped) preset value.. 5184.00 BogoMIPS (lpj=10368000)
[    0.005301] pid_max: default: 32768 minimum: 301
[    0.006080] Security Framework initialized
[    0.006760] Yama: becoming mindful.
[    0.008020] AppArmor: AppArmor initialized
[    0.010332] Dentry cache hash table entries: 262144 (order: 9, 2097152 bytes)
[    0.012990] Inode-cache hash table entries: 131072 (order: 8, 1048576 bytes)
[    0.014181] Mount-cache hash table entries: 4096 (order: 3, 32768 bytes)
[    0.015222] Mountpoint-cache hash table entries: 4096 (order: 3, 32768 bytes)
[    0.016212] Last level iTLB entries: 4KB 64, 2MB 8, 4MB 8
[    0.017105] Last level dTLB entries: 4KB 64, 2MB 0, 4MB 0, 1GB 4
[    0.018085] Spectre V1 : Mitigation: usercopy/swapgs barriers and __user pointer sanitization
[    0.019504] Spectre V2 : Mitigation: Full generic retpoline
[    0.020001] Spectre V2 : Spectre v2 / SpectreRSB mitigation: Filling RSB on context switch
[    0.021796] Speculative Store Bypass: Vulnerable
[    0.022578] SRBDS: Unknown: Dependent on hypervisor status
[    0.024001] MDS: Mitigation: Clear CPU buffers
[    0.024852] Freeing SMP alternatives memory: 36K
[    0.135519] smpboot: CPU0: Intel(R) Core(TM) i7-9750H CPU @ 2.60GHz (family: 0x6, model: 0x9e, stepping: 0xa)
[    0.136000] Performance Events: unsupported p6 CPU model 158 no PMU driver, software events only.
[    0.136000] Hierarchical SRCU implementation.
[    0.136565] NMI watchdog: Perf event create on CPU 0 failed with -2
[    0.137545] NMI watchdog: Perf NMI watchdog permanently disabled
[    0.138508] smp: Bringing up secondary CPUs ...
[    0.139288] x86: Booting SMP configuration:
[    0.140002] .... node  #0, CPUs:      #1
[    0.004000] kvm-clock: cpu 1, msr 0:7ff44041, secondary cpu clock
[    0.144017] smp: Brought up 1 node, 2 CPUs
[    0.145097] smpboot: Max logical packages: 1
[    0.145779] smpboot: Total of 2 processors activated (10368.00 BogoMIPS)
[    0.148118] devtmpfs: initialized
[    0.148598] x86/mm: Memory block size: 128MB
[    0.149436] evm: security.selinux
[    0.150201] evm: security.SMACK64
[    0.151024] evm: security.SMACK64EXEC
[    0.152003] evm: security.SMACK64TRANSMUTE
[    0.152814] evm: security.SMACK64MMAP
[    0.153443] evm: security.apparmor
[    0.154001] evm: security.ima
[    0.154526] evm: security.capability
[    0.156075] clocksource: jiffies: mask: 0xffffffff max_cycles: 0xffffffff, max_idle_ns: 7645041785100000 ns
[    0.157674] futex hash table entries: 512 (order: 3, 32768 bytes)
[    0.158722] pinctrl core: initialized pinctrl subsystem
[    0.160075] RTC time:  0:49:30, date: 10/30/20
[    0.160882] NET: Registered protocol family 16
[    0.162037] audit: initializing netlink subsys (disabled)
[    0.162964] audit: type=2000 audit(1604018975.324:1): state=initialized audit_enabled=0 res=1
[    0.164009] cpuidle: using governor ladder
[    0.164851] cpuidle: using governor menu
[    0.165523] ACPI: bus type PCI registered
[    0.166174] acpiphp: ACPI Hot Plug PCI Controller Driver version: 0.5
[    0.168085] PCI: Using configuration type 1 for base access
[    0.169043] HugeTLB registered 2.00 MiB page size, pre-allocated 0 pages
[    0.172061] ACPI: Added _OSI(Module Device)
[    0.172751] ACPI: Added _OSI(Processor Device)
[    0.173467] ACPI: Added _OSI(3.0 _SCP Extensions)
[    0.176002] ACPI: Added _OSI(Processor Aggregator Device)
[    0.176865] ACPI: Added _OSI(Linux-Dell-Video)
[    0.177976] ACPI: Added _OSI(Linux-Lenovo-NV-HDMI-Audio)
[    0.178916] ACPI: Added _OSI(Linux-HPI-Hybrid-Graphics)
[    0.180299] ACPI: Executed 1 blocks of module-level executable AML code
[    0.183640] ACPI: Interpreter enabled
[    0.184010] ACPI: (supports S0 S5)
[    0.184580] ACPI: Using IOAPIC for interrupt routing
[    0.186096] PCI: Using host bridge windows from ACPI; if necessary, use "pci=nocrs" and report a bug
[    0.187757] ACPI: Enabled 2 GPEs in block 00 to 07
[    0.193982] ACPI: PCI Root Bridge [PCI0] (domain 0000 [bus 00-ff])
[    0.195378] acpi PNP0A03:00: _OSC: OS supports [ASPM ClockPM Segments MSI]
[    0.196329] acpi PNP0A03:00: _OSC: not requesting OS control; OS requires [ExtendedConfig ASPM ClockPM MSI]
[    0.197916] acpi PNP0A03:00: fail to add MMCONFIG information, can't access extended PCI configuration space under this bridge.
[    0.200391] PCI host bridge to bus 0000:00
[    0.201073] pci_bus 0000:00: root bus resource [io  0x0000-0x0cf7 window]
[    0.202123] pci_bus 0000:00: root bus resource [io  0x0d00-0xffff window]
[    0.203211] pci_bus 0000:00: root bus resource [mem 0x000a0000-0x000bffff window]
[    0.204002] pci_bus 0000:00: root bus resource [mem 0x80000000-0xfdffffff window]
[    0.205205] pci_bus 0000:00: root bus resource [bus 00-ff]
[    0.209295] pci 0000:00:01.1: legacy IDE quirk: reg 0x10: [io  0x01f0-0x01f7]
[    0.210560] pci 0000:00:01.1: legacy IDE quirk: reg 0x14: [io  0x03f6]
[    0.211569] pci 0000:00:01.1: legacy IDE quirk: reg 0x18: [io  0x0170-0x0177]
[    0.212002] pci 0000:00:01.1: legacy IDE quirk: reg 0x1c: [io  0x0376]
[    0.232008] pci 0000:00:07.0: quirk: [io  0x4000-0x403f] claimed by PIIX4 ACPI
[    0.234430] pci 0000:00:07.0: quirk: [io  0x4100-0x410f] claimed by PIIX4 SMB
[    0.246429] ACPI: PCI Interrupt Link [LNKA] (IRQs 5 9 10 *11)
[    0.248243] ACPI: PCI Interrupt Link [LNKB] (IRQs 5 9 *10 11)
[    0.249293] ACPI: PCI Interrupt Link [LNKC] (IRQs 5 *9 10 11)
[    0.250346] ACPI: PCI Interrupt Link [LNKD] (IRQs 5 9 10 *11)
[    0.252191] SCSI subsystem initialized
[    0.252871] pci 0000:00:02.0: vgaarb: setting as boot VGA device
[    0.253453] pci 0000:00:02.0: vgaarb: VGA device added: decodes=io+mem,owns=io+mem,locks=none
[    0.254905] pci 0000:00:02.0: vgaarb: bridge control possible
[    0.256009] vgaarb: loaded
[    0.256565] ACPI: bus type USB registered
[    0.257317] usbcore: registered new interface driver usbfs
[    0.258228] usbcore: registered new interface driver hub
[    0.260021] usbcore: registered new device driver usb
[    0.261132] EDAC MC: Ver: 3.0.0
[    0.261132] PCI: Using ACPI for IRQ routing
[    0.261132] NetLabel: Initializing
[    0.261558] NetLabel:  domain hash size = 128
[    0.264006] NetLabel:  protocols = UNLABELED CIPSOv4 CALIPSO
[    0.264940] NetLabel:  unlabeled traffic allowed by default
[    0.265872] clocksource: Switched to clocksource kvm-clock
[    0.274755] VFS: Disk quotas dquot_6.6.0
[    0.275462] VFS: Dquot-cache hash table entries: 512 (order 0, 4096 bytes)
[    0.277019] AppArmor: AppArmor Filesystem Enabled
[    0.277999] pnp: PnP ACPI init
[    0.279943] pnp: PnP ACPI: found 3 devices
[    0.289533] clocksource: acpi_pm: mask: 0xffffff max_cycles: 0xffffff, max_idle_ns: 2085701024 ns
[    0.291385] NET: Registered protocol family 2
[    0.292224] TCP established hash table entries: 16384 (order: 5, 131072 bytes)
[    0.293915] TCP bind hash table entries: 16384 (order: 6, 262144 bytes)
[    0.295171] TCP: Hash tables configured (established 16384 bind 16384)
[    0.297249] UDP hash table entries: 1024 (order: 3, 32768 bytes)
[    0.298207] UDP-Lite hash table entries: 1024 (order: 3, 32768 bytes)
[    0.299245] NET: Registered protocol family 1
[    0.300006] pci 0000:00:00.0: Limiting direct PCI/PCI transfers
[    0.301396] pci 0000:00:01.0: Activating ISA DMA hang workarounds
[    0.303379] pci 0000:00:02.0: Video device with shadowed ROM at [mem 0x000c0000-0x000dffff]
[    0.304916] Unpacking initramfs...
[    0.531271] Freeing initrd memory: 19740K
[    0.532836] clocksource: tsc: mask: 0xffffffffffffffff max_cycles: 0x255cb6cc5db, max_idle_ns: 440795203504 ns
[    0.534826] platform rtc_cmos: registered platform RTC device (no PNP device found)
[    0.536053] Scanning for low memory corruption every 60 seconds
[    0.537560] Initialise system trusted keyrings
[    0.538313] Key type blacklist registered
[    0.539315] workingset: timestamp_bits=36 max_order=19 bucket_order=0
[    0.541290] zbud: loaded
[    0.542099] squashfs: version 4.0 (2009/01/31) Phillip Lougher
[    0.543519] fuse init (API version 7.26)
[    0.546083] Key type asymmetric registered
[    0.546764] Asymmetric key parser 'x509' registered
[    0.547572] Block layer SCSI generic (bsg) driver version 0.4 loaded (major 246)
[    0.548867] io scheduler noop registered
[    0.549537] io scheduler deadline registered
[    0.550348] io scheduler cfq registered (default)
[    0.551636] ACPI: AC Adapter [AC] (on-line)
[    0.552796] input: Power Button as /devices/LNXSYSTM:00/LNXPWRBN:00/input/input0
[    0.554300] ACPI: Power Button [PWRF]
[    0.555135] input: Sleep Button as /devices/LNXSYSTM:00/LNXSLPBN:00/input/input1
[    0.556308] ACPI: Sleep Button [SLPF]
[    0.558058] ACPI: Battery Slot [BAT0] (battery present)
[    0.559272] Serial: 8250/16550 driver, 32 ports, IRQ sharing enabled
[    0.581154] 00:02: ttyS0 at I/O 0x3f8 (irq = 4, base_baud = 115200) is a 16550A
[    0.585302] Linux agpgart interface v0.103
[    0.587857] loop: module loaded
[    0.589053] scsi host0: ata_piix
[    0.590043] scsi host1: ata_piix
[    0.590715] ata1: PATA max UDMA/33 cmd 0x1f0 ctl 0x3f6 bmdma 0xd000 irq 14
[    0.591771] ata2: PATA max UDMA/33 cmd 0x170 ctl 0x376 bmdma 0xd008 irq 15
[    0.593277] libphy: Fixed MDIO Bus: probed
[    0.593992] tun: Universal TUN/TAP device driver, 1.6
[    0.594939] PPP generic driver version 2.4.2
[    0.595743] ehci_hcd: USB 2.0 'Enhanced' Host Controller (EHCI) Driver
[    0.597197] ehci-pci: EHCI PCI platform driver
[    0.598329] ehci-platform: EHCI generic platform driver
[    0.599183] ohci_hcd: USB 1.1 'Open' Host Controller (OHCI) Driver
[    0.600128] ohci-pci: OHCI PCI platform driver
[    0.601382] ohci-platform: OHCI generic platform driver
[    0.602335] uhci_hcd: USB Universal Host Controller Interface driver
[    0.603685] i8042: PNP: PS/2 Controller [PNP0303:PS2K,PNP0f03:PS2M] at 0x60,0x64 irq 1,12
[    0.605381] serio: i8042 KBD port at 0x60,0x64 irq 1
[    0.606654] serio: i8042 AUX port at 0x60,0x64 irq 12
[    0.607711] mousedev: PS/2 mouse device common for all mice
[    0.609576] input: AT Translated Set 2 keyboard as /devices/platform/i8042/serio0/input/input2
[    0.611310] rtc_cmos rtc_cmos: rtc core: registered rtc_cmos as rtc0
[    0.612582] rtc_cmos rtc_cmos: alarms up to one day, 114 bytes nvram
[    0.613610] i2c /dev entries driver
[    0.614208] device-mapper: uevent: version 1.0.3
[    0.614998] device-mapper: ioctl: 4.37.0-ioctl (2017-09-20) initialised: dm-devel@redhat.com
[    0.616383] ledtrig-cpu: registered to indicate activity on CPUs
[    0.618200] NET: Registered protocol family 10
[    0.621650] Segment Routing with IPv6
[    0.622259] NET: Registered protocol family 17
[    0.623297] Key type dns_resolver registered
[    0.624301] mce: Using 0 MCE banks
[    0.624859] RAS: Correctable Errors collector initialized.
[    0.625782] sched_clock: Marking stable (624283059, 0)->(770873958, -146590899)
[    0.627276] registered taskstats version 1
[    0.627943] Loading compiled-in X.509 certificates
[    0.630825] Loaded X.509 cert 'Build time autogenerated kernel key: 1ac9abf9980c816fb9cfffb58ec8b2f33f2baf04'
[    0.632498] zswap: loaded using pool lzo/zbud
[    0.635865] Key type big_key registered
[    0.636552] Key type trusted registered
[    0.638308] Key type encrypted registered
[    0.638960] AppArmor: AppArmor sha1 policy hashing enabled
[    0.639821] ima: No TPM chip found, activating TPM-bypass! (rc=-19)
[    0.640834] ima: Allocated hash algorithm: sha1
[    0.641566] evm: HMAC attrs: 0x1
[    0.642303]   Magic number: 8:65:811
[    0.642959] rtc_cmos rtc_cmos: setting system clock to 2020-10-30 00:49:30 UTC (1604018970)
[    0.644368] BIOS EDD facility v0.16 2004-Jun-25, 0 devices found
[    0.645304] EDD information not available.
[    0.777380] Freeing unused kernel image memory: 2436K
[    0.836042] Write protecting the kernel read-only data: 20480k
[    0.838444] Freeing unused kernel image memory: 2008K
[    0.840027] Freeing unused kernel image memory: 1872K
[    0.847968] x86/mm: Checked W+X mappings: passed, no W+X pages found.
[    0.849367] x86/mm: Checking user space page tables
[    0.855787] x86/mm: Checked W+X mappings: passed, no W+X pages found.
Loading, please wait...
starting version 237
[    0.911089] e1000: Intel(R) PRO/1000 Network Driver - version 7.3.21-k8-NAPI
[    0.912631] e1000: Copyright (c) 1999-2006 Intel Corporation.
[    0.915354] Fusion MPT base driver 3.04.20
[    0.916024] Copyright (c) 1999-2008 LSI Corporation
[    0.936626] Fusion MPT SPI Host driver 3.04.20
[    0.944715] AVX2 version of gcm_enc/dec engaged.
[    0.946069] AES CTR mode by8 optimization enabled
[    1.137063] input: ImExPS/2 Generic Explorer Mouse as /devices/platform/i8042/serio1/input/input4
[    1.298574] e1000 0000:00:03.0 eth0: (PCI:33MHz:32-bit) 02:9d:c8:d0:97:b6
[    1.300117] e1000 0000:00:03.0 eth0: Intel(R) PRO/1000 Network Connection
[    1.302775] mptbase: ioc0: Initiating bringup
[    1.304356] e1000 0000:00:03.0 enp0s3: renamed from eth0
[    1.396185] ioc0: LSI53C1030 A0: Capabilities={Initiator}
[    1.640286] scsi host2: ioc0: LSI53C1030 A0, FwRev=00000000h, Ports=1, MaxQ=256, IRQ=20
[    1.809714] scsi 2:0:0:0: Direct-Access     VBOX     HARDDISK         1.0  PQ: 0 ANSI: 5
[    1.980503] scsi target2:0:0: Beginning Domain Validation
[    1.983504] scsi target2:0:0: Domain Validation skipping write tests
[    1.984933] scsi target2:0:0: Ending Domain Validation
[    1.986084] scsi target2:0:0: asynchronous
[    1.987255] scsi 2:0:1:0: Direct-Access     VBOX     HARDDISK         1.0  PQ: 0 ANSI: 5
[    3.030910] scsi target2:0:1: Beginning Domain Validation
[    3.033331] random: fast init done
[    3.034194] scsi target2:0:1: Domain Validation skipping write tests
[    3.035556] scsi target2:0:1: Ending Domain Validation
[    3.036746] scsi target2:0:1: asynchronous
[    3.041751] random: systemd-udevd: uninitialized urandom read (16 bytes read)
[    3.043623] random: systemd-udevd: uninitialized urandom read (16 bytes read)
[    3.045830] random: systemd-udevd: uninitialized urandom read (16 bytes read)
[    3.047890] sd 2:0:0:0: [sda] 20971520 512-byte logical blocks: (10.7 GB/10.0 GiB)
[    3.047903] sd 2:0:0:0: Attached scsi generic sg0 type 0
[    3.050875] sd 2:0:0:0: [sda] Write Protect is off
[    3.050989] sd 2:0:1:0: Attached scsi generic sg1 type 0
[    3.053527] sd 2:0:1:0: [sdb] 20480 512-byte logical blocks: (10.5 MB/10.0 MiB)
[    3.055285] sd 2:0:1:0: [sdb] Write Protect is off
[    3.056547] sd 2:0:1:0: [sdb] Incomplete mode parameter data
[    3.057775] sd 2:0:1:0: [sdb] Assuming drive cache: write through
[    3.059069] sd 2:0:0:0: [sda] Incomplete mode parameter data
[    3.061390] sd 2:0:0:0: [sda] Assuming drive cache: write through
[    3.065382]  sda: sda1
[    3.066905] sd 2:0:1:0: [sdb] Attached SCSI disk
[    3.067904] sd 2:0:0:0: [sda] Attached SCSI disk
Begin: Loading essential drivers ... [    4.452562] raid6: sse2x1   gen() 11716 MB/s
[    4.500081] raid6: sse2x1   xor()  8147 MB/s
[    4.548026] raid6: sse2x2   gen() 14149 MB/s
[    4.596120] raid6: sse2x2   xor()  9597 MB/s
[    4.644108] raid6: sse2x4   gen() 16697 MB/s
[    4.692063] raid6: sse2x4   xor() 10990 MB/s
[    4.740145] raid6: avx2x1   gen() 24306 MB/s
[    4.788495] raid6: avx2x1   xor() 18131 MB/s
[    4.836140] raid6: avx2x2   gen() 30761 MB/s
[    4.884094] raid6: avx2x2   xor() 17950 MB/s
[    4.932309] raid6: avx2x4   gen() 30289 MB/s
[    4.980540] raid6: avx2x4   xor() 17306 MB/s
[    4.982231] raid6: using algorithm avx2x2 gen() 30761 MB/s
[    4.983990] raid6: .... xor() 17950 MB/s, rmw enabled
[    4.986645] raid6: using avx2x2 recovery algorithm
[    4.989574] xor: automatically using best checksumming function   avx       
[    4.995292] async_tx: api initialized (async)
done.
Begin: Running /scripts/init-premount ... done.
Begin: Mounting root file system ... Begin: Running /scripts/local-top ... done.
Begin: Running /scripts/local-premount ... [    5.036795] Btrfs loaded, crc32c=crc32c-intel
Scanning for Btrfs filesystems
done.
Warning: fsck not present, so skipping root file system
[    5.066399] EXT4-fs (sda1): INFO: recovery required on readonly filesystem
[    5.067761] EXT4-fs (sda1): write access will be enabled during recovery
[    5.158373] EXT4-fs (sda1): recovery complete
[    5.159241] EXT4-fs (sda1): mounted filesystem with ordered data mode. Opts: (null)
done.
Begin: Running /scripts/local-bottom ... done.
Begin: Running /scripts/init-bottom ... done.
[    5.337958] ip_tables: (C) 2000-2006 Netfilter Core Team
[    5.351091] systemd[1]: systemd 237 running in system mode. (+PAM +AUDIT +SELINUX +IMA +APPARMOR +SMACK +SYSVINIT +UTMP +LIBCRYPTSETUP +GCRYPT +GNUTLS +ACL +XZ +LZ4 +SECCOMP +BLKID +ELFUTILS +KMOD -IDN2 +IDN -PCRE2 default-hierarchy=hybrid)
[    5.354708] systemd[1]: Detected virtualization oracle.
[    5.355546] systemd[1]: Detected architecture x86-64.

Welcome to [1mUbuntu 18.04.5 LTS[0m!

[    5.363252] systemd[1]: Set hostname to <ubuntu-bionic>.
[    5.600866] systemd[1]: Set up automount Arbitrary Executable File Formats File System Automount Point.
[[0;32m  OK  [0m] Set up automount Arbitrary Executab…rmats File System Automount Point.
[    5.604194] systemd[1]: Started Forward Password Requests to Wall Directory Watch.
[[0;32m  OK  [0m] Started Forward Password Requests to Wall Directory Watch.
[    5.608309] systemd[1]: Created slice User and Session Slice.
[[0;32m  OK  [0m] Created slice User and Session Slice.
[    5.610038] systemd[1]: Reached target Swap.
[[0;32m  OK  [0m] Reached target Swap.
[    5.611339] systemd[1]: Reached target User and Group Name Lookups.
[[0;32m  OK  [0m] Reached target User and Group Name Lookups.
[    5.613191] systemd[1]: Reached target System Time Synchronized.
[[0;32m  OK  [0m] Reached target System Time Synchronized.
[[0;32m  OK  [0m] Created slice System Slice.
[[0;32m  OK  [0m] Listening on Network Service Netlink Socket.
[[0;32m  OK  [0m] Listening on LVM2 metadata daemon socket.
[[0;32m  OK  [0m] Listening on Journal Socket.
         Starting Uncomplicated firewall...
[[0;32m  OK  [0m] Listening on Device-mapper event daemon FIFOs.
         Starting Monitoring of LVM2 mirrors…ng dmeventd or progress polling...
[[0;32m  OK  [0m] Reached target Slices.
[[0;32m  OK  [0m] Listening on Journal Socket (/dev/log).
[[0;32m  OK  [0m] Listening on udev Kernel Socket.
         Starting Load Kernel Modules...
[[0;32m  OK  [0m] Listening on LVM2 poll daemon socket.
[[0;32m  OK  [0m] Listening on udev Control Socket.
         Mounting POSIX Message Queue File System...
         Starting Remount Root and Kernel File Systems...
         Mounting Huge Pages File System...
[[0;32m  OK  [0m] Listening on Syslog Socket.
         Starting udev Coldplug all Devices...
[[0;32m  OK  [0m] Listening on /dev/initctl Compatibility Named Pipe.
         Mounting Kernel Debug File System...
         Starting Set the console keyboard layout...
[[0;32m  OK  [0m] Created slice system-serial\x2dgetty.slice.
         Starting Create list of required st…ce nodes for the current kernel...
[[0;32m  OK  [0m] Listening on Journal Audit Socket.
         Starting Journal Service...
[[0;32m  OK  [0m] Started Uncomplicated firewall.
[[0;32m  OK  [0m] Started LVM2 metadata daemon.
[    5.710140] Loading iSCSI transport class v2.0-870.
[    5.717024] iscsi: registered transport (tcp)
[    5.735917] iscsi: registered transport (iser)
[[0;32m  OK  [0m] Started Load Kernel Modules.
         Mounting Kernel Configuration File System...
         Starting Apply Kernel Variables...
         Mounting FUSE Control File System...
[[0;32m  OK  [0m] Started udev Coldplug all Devices.
[[0;32m  OK  [0m] Started Create list of required sta…vice nodes for the current kernel.
         Starting Create Static Device Nodes in /dev...
[[0;32m  OK  [0m] Mounted POSIX Message Queue File System.
[[0;32m  OK  [0m] Started Journal Service.
[[0;32m  OK  [0m] Mounted Huge Pages File System.
[[0;32m  OK  [0m] Mounted Kernel Debug File System.
[[0;32m  OK  [0m] Mounted Kernel Configuration File System.
[[0;32m  OK  [0m] Mounted FUSE Control File System.
[[0;32m  OK  [0m] Started Create Static Device Nodes in /dev.
[[0;32m  OK  [0m] Started Remount Root and Kernel File Systems.
         Starting Flush Journal to Persistent Storage...
         Starting udev Kernel Device Manager...
         Starting Load/Save Random Seed...
[[0;32m  OK  [0m] Started Monitoring of LVM2 mirrors,…sing dmeventd or progress polling.
[[0;32m  OK  [0m] Started Apply Kernel Variables.
[[0;32m  OK  [0m] Started Load/Save Random Seed.
[[0;32m  OK  [0m] Started udev Kernel Device Manager.
[[0;32m  OK  [0m] Started Set the console keyboard layout.
[[0;32m  OK  [0m] Started Dispatch Password Requests to Console Directory Watch.
[[0;32m  OK  [0m] Reached target Local Encrypted Volumes.
[[0;32m  OK  [0m] Reached target Local File Systems (Pre).
         Mounting /vagrant...
[[0;32m  OK  [0m] Reached target Local File Systems.
         Starting ebtables ruleset management...
         Starting Tell Plymouth To Write Out Runtime Data...
         Starting AppArmor initialization...
         Starting Set console font and keymap...
[[0;32m  OK  [0m] Started Flush Journal to Persistent Storage.
         Starting Create Volatile Files and Directories...
[[0;32m  OK  [0m] Mounted /vagrant.
[[0;32m  OK  [0m] Started Tell Plymouth To Write Out Runtime Data.
[[0;32m  OK  [0m] Started Set console font and keymap.
[[0;32m  OK  [0m] Started Create Volatile Files and Directories.
         Starting Update UTMP about System Boot/Shutdown...
[[0;32m  OK  [0m] Started Update UTMP about System Boot/Shutdown.
[[0;32m  OK  [0m] Started ebtables ruleset management.
[[0;32m  OK  [0m] Found device /dev/ttyS0.
[[0;32m  OK  [0m] Listening on Load/Save RF Kill Switch Status /dev/rfkill Watch.
[[0;32m  OK  [0m] Started AppArmor initialization.
         Starting Load AppArmor profiles managed internally by snapd...
         Starting Initial cloud-init job (pre-networking)...
[[0;32m  OK  [0m] Started Load AppArmor profiles managed internally by snapd.
[    7.366575] cloud-init[559]: Cloud-init v. 20.3-2-g371b392c-0ubuntu1~18.04.1 running 'init-local' at Fri, 30 Oct 2020 00:49:37 +0000. Up 7.21 seconds.
[[0;32m  OK  [0m] Started Initial cloud-init job (pre-networking).
[[0;32m  OK  [0m] Reached target Network (Pre).
         Starting Network Service...
[[0;32m  OK  [0m] Started Network Service.
         Starting Wait for Network to be Configured...
         Starting Network Name Resolution...
[[0;32m  OK  [0m] Started Network Name Resolution.
[[0;32m  OK  [0m] Reached target Host and Network Name Lookups.
[[0;32m  OK  [0m] Reached target Network.
[[0;32m  OK  [0m] Started Wait for Network to be Configured.
         Starting Initial cloud-init job (metadata service crawler)...
[    9.097878] cloud-init[690]: Cloud-init v. 20.3-2-g371b392c-0ubuntu1~18.04.1 running 'init' at Fri, 30 Oct 2020 00:49:38 +0000. Up 8.96 seconds.
[    9.102041] cloud-init[690]: ci-info: ++++++++++++++++++++++++++++++++++++++Net device info++++++++++++++++++++++++++++++++++++++
[    9.112348] cloud-init[690]: ci-info: +--------+------+----------------------------+---------------+--------+-------------------+
[    9.124144] cloud-init[690]: ci-info: | Device |  Up  |          Address           |      Mask     | Scope  |     Hw-Address    |
[    9.126157] cloud-init[690]: ci-info: +--------+------+----------------------------+---------------+--------+-------------------+
[    9.127781] cloud-init[690]: ci-info: | enp0s3 | True |         10.0.2.15          | 255.255.255.0 | global | 02:9d:c8:d0:97:b6 |
[    9.129005] cloud-init[690]: ci-info: | enp0s3 | True | fe80::9d:c8ff:fed0:97b6/64 |       .       |  link  | 02:9d:c8:d0:97:b6 |
[    9.130514] cloud-init[690]: ci-info: |   lo   | True |         127.0.0.1          |   255.0.0.0   |  host  |         .         |
[    9.132245] cloud-init[690]: ci-info: |   lo   | True |          ::1/128           |       .       |  host  |         .         |
[    9.134469] cloud-init[690]: ci-info: +--------+------+----------------------------+---------------+--------+-------------------+
[    9.136180] cloud-init[690]: ci-info: ++++++++++++++++++++++++++++Route IPv4 info+++++++++++++++++++++++++++++
[    9.137675] cloud-init[690]: ci-info: +-------+-------------+----------+-----------------+-----------+-------+
[    9.138832] cloud-init[690]: ci-info: | Route | Destination | Gateway  |     Genmask     | Interface | Flags |
[    9.148796] cloud-init[690]: ci-info: +-------+-------------+----------+-----------------+-----------+-------+
[    9.151174] cloud-init[690]: ci-info: |   0   |   0.0.0.0   | 10.0.2.2 |     0.0.0.0     |   enp0s3  |   UG  |
[    9.152474] cloud-init[690]: ci-info: |   1   |   10.0.2.0  | 0.0.0.0  |  255.255.255.0  |   enp0s3  |   U   |
[    9.153783] cloud-init[690]: ci-info: |   2   |   10.0.2.2  | 0.0.0.0  | 255.255.255.255 |   enp0s3  |   UH  |
[    9.164330] cloud-init[690]: ci-info: +-------+-------------+----------+-----------------+-----------+-------+
[    9.165664] cloud-init[690]: ci-info: +++++++++++++++++++Route IPv6 info+++++++++++++++++++
[    9.166786] cloud-init[690]: ci-info: +-------+-------------+---------+-----------+-------+
[    9.167859] cloud-init[690]: ci-info: | Route | Destination | Gateway | Interface | Flags |
[    9.168991] cloud-init[690]: ci-info: +-------+-------------+---------+-----------+-------+
[    9.170103] cloud-init[690]: ci-info: |   1   |  fe80::/64  |    ::   |   enp0s3  |   U   |
[    9.171206] cloud-init[690]: ci-info: |   3   |    local    |    ::   |   enp0s3  |   U   |
[    9.172406] cloud-init[690]: ci-info: |   4   |   ff00::/8  |    ::   |   enp0s3  |   U   |
[    9.173367] cloud-init[690]: ci-info: +-------+-------------+---------+-----------+-------+
[[0;32m  OK  [0m] Started Initial cloud-init job (metadata service crawler).
[[0;32m  OK  [0m] Reached target Network is Online.
         Starting Availability of block devices...
[[0;32m  OK  [0m] Reached target Remote File Systems (Pre).
[[0;32m  OK  [0m] Reached target Remote File Systems.
[[0;32m  OK  [0m] Reached target Cloud-config availability.
[[0;32m  OK  [0m] Reached target System Initialization.
[[0;32m  OK  [0m] Listening on D-Bus System Message Bus Socket.
         Starting LXD - unix socket.
[[0;32m  OK  [0m] Started Discard unused blocks once a week.
[[0;32m  OK  [0m] Listening on ACPID Listen Socket.
         Starting Socket activation for snappy daemon.
[[0;32m  OK  [0m] Started Daily Cleanup of Temporary Directories.
[[0;32m  OK  [0m] Listening on UUID daemon activation socket.
[[0;32m  OK  [0m] Started Message of the Day.
[[0;32m  OK  [0m] Started Daily apt download activities.
[[0;32m  OK  [0m] Started Daily apt upgrade and clean activities.
[[0;32m  OK  [0m] Reached target Timers.
[[0;32m  OK  [0m] Started ACPI Events Check.
[[0;32m  OK  [0m] Reached target Paths.
[[0;32m  OK  [0m] Listening on Open-iSCSI iscsid Socket.
[[0;32m  OK  [0m] Started Availability of block devices.
[[0;32m  OK  [0m] Listening on LXD - unix socket.
[[0;32m  OK  [0m] Listening on Socket activation for snappy daemon.
[[0;32m  OK  [0m] Reached target Sockets.
[[0;32m  OK  [0m] Reached target Basic System.
         Starting Accounts Service...
         Starting Login Service...
         Starting LSB: automatic crash report generation...
         Starting Virtualbox guest utils...
[[0;32m  OK  [0m] Started Regular background program processing daemon.
         Starting OpenBSD Secure Shell server...
         Starting System Logging Service...
[[0;32m  OK  [0m] Started irqbalance daemon.
[[0;32m  OK  [0m] Started D-Bus System Message Bus.
         Starting Snap Daemon...
[[0;32m  OK  [0m] Started Deferred execution scheduler.
         Starting Permit User Sessions...
         Starting Dispatcher daemon for systemd-networkd...
[[0;32m  OK  [0m] Started FUSE filesystem for LXC.
         Starting Message of the Day...
         Starting LSB: Record successful boot for GRUB...
         Starting LXD - container startup/shutdown...
[[0;32m  OK  [0m] Started System Logging Service.
[[0;32m  OK  [0m] Started Permit User Sessions.
[[0;32m  OK  [0m] Started OpenBSD Secure Shell server.
[[0;32m  OK  [0m] Started Login Service.
         Starting Authorization Manager...
[[0;32m  OK  [0m] Started Unattended Upgrades Shutdown.
         Starting Terminate Plymouth Boot Screen...
         Starting Hold until boot process finishes up...
[[0;32m  OK  [0m] Started Terminate Plymouth Boot Screen.
[[0;32m  OK  [0m] Started Hold until boot process finishes up.
[[0;32m  OK  [0m] Started Serial Getty on ttyS0.
         Starting Set console scheme...
[[0;32m  OK  [0m] Started Authorization Manager.
[[0;32m  OK  [0m] Started Accounts Service.
[[0;32m  OK  [0m] Started LSB: automatic crash report generation.
[[0;32m  OK  [0m] Started Set console scheme.
[[0;32m  OK  [0m] Created slice system-getty.slice.
[[0;32m  OK  [0m] Started Getty on tty1.
[[0;32m  OK  [0m] Reached target Login Prompts.
[[0;32m  OK  [0m] Started LSB: Record successful boot for GRUB.
[[0;32m  OK  [0m] Started Virtualbox guest utils.
[[0;32m  OK  [0m] Started LXD - container startup/shutdown.
[[0;32m  OK  [0m] Started Dispatcher daemon for systemd-networkd.
[[0;32m  OK  [0m] Started Snap Daemon.
         Starting Wait until snapd is fully seeded...
[[0;32m  OK  [0m] Started Wait until snapd is fully seeded.
         Starting Apply the settings specified in cloud-config...
[[0;32m  OK  [0m] Reached target Multi-User System.
[[0;32m  OK  [0m] Reached target Graphical Interface.
         Starting Update UTMP about System Runlevel Changes...
[[0;32m  OK  [0m] Started Update UTMP about System Runlevel Changes.
[   10.682443] cloud-init[1142]: Cloud-init v. 20.3-2-g371b392c-0ubuntu1~18.04.1 running 'modules:config' at Fri, 30 Oct 2020 00:49:40 +0000. Up 10.59 seconds.
[[0;32m  OK  [0m] Started Apply the settings specified in cloud-config.
         Starting Execute cloud user/final scripts...
[[0;32m  OK  [0m] Started Message of the Day.
[   11.161410] cloud-init[1193]: Cloud-init v. 20.3-2-g371b392c-0ubuntu1~18.04.1 running 'modules:final' at Fri, 30 Oct 2020 00:49:40 +0000. Up 11.05 seconds.
[   11.163993] cloud-init[1193]: Cloud-init v. 20.3-2-g371b392c-0ubuntu1~18.04.1 finished at Fri, 30 Oct 2020 00:49:41 +0000. Datasource DataSourceNoCloud [seed=/dev/sdb][dsmode=net].  Up 11.15 seconds
[[0;32m  OK  [0m] Started Execute cloud user/final scripts.
[[0;32m  OK  [0m] Reached target Cloud-init target.
         Starting Daily apt download activities...
[[0;32m  OK  [0m] Created slice User Slice of vagrant.
         Starting User Manager for UID 1000...
[[0;32m  OK  [0m] Started Session 1 of user vagrant.
[[0;32m  OK  [0m] Started User Manager for UID 1000.
         Stopping User Manager for UID 1000...
[[0;32m  OK  [0m] Stopped User Manager for UID 1000.
[[0;32m  OK  [0m] Removed slice User Slice of vagrant.

Ubuntu 18.04.5 LTS ubuntu-bionic ttyS0

ubuntu-bionic login: 